{"C:\\Users\\Ayoze\\Desktop\\pruebaRoiback\\fidelizarCliente\\src\\Components\\Buttons\\Button.tsx": {"path":"C:\\Users\\Ayoze\\Desktop\\pruebaRoiback\\fidelizarCliente\\src\\Components\\Buttons\\Button.tsx","statementMap":{"0":{"start":{"line":12,"column":15},"end":{"line":18,"column":1}},"1":{"start":{"line":13,"column":4},"end":{"line":17,"column":5}}},"fnMap":{"0":{"name":"(anonymous_0)","decl":{"start":{"line":12,"column":15},"end":{"line":12,"column":16}},"loc":{"start":{"line":12,"column":96},"end":{"line":18,"column":1}},"line":12}},"branchMap":{"0":{"loc":{"start":{"line":12,"column":24},"end":{"line":12,"column":37}},"type":"default-arg","locations":[{"start":{"line":12,"column":29},"end":{"line":12,"column":37}}],"line":12},"1":{"loc":{"start":{"line":12,"column":59},"end":{"line":12,"column":73}},"type":"default-arg","locations":[{"start":{"line":12,"column":68},"end":{"line":12,"column":73}}],"line":12},"2":{"loc":{"start":{"line":14,"column":94},"end":{"line":14,"column":146}},"type":"cond-expr","locations":[{"start":{"line":14,"column":115},"end":{"line":14,"column":128}},{"start":{"line":14,"column":131},"end":{"line":14,"column":146}}],"line":14},"3":{"loc":{"start":{"line":14,"column":150},"end":{"line":14,"column":176}},"type":"cond-expr","locations":[{"start":{"line":14,"column":161},"end":{"line":14,"column":171}},{"start":{"line":14,"column":174},"end":{"line":14,"column":176}}],"line":14}},"s":{"0":5,"1":6},"f":{"0":6},"b":{"0":[6],"1":[6],"2":[0,6],"3":[0,6]},"_coverageSchema":"1a1c01bbd47fc00a2c39e90264f33305004495a9","hash":"2b50397394f8db08da9bd179a75784249cb0165d"}
,"C:\\Users\\Ayoze\\Desktop\\pruebaRoiback\\fidelizarCliente\\src\\Components\\Buttons\\CloseIcon.tsx": {"path":"C:\\Users\\Ayoze\\Desktop\\pruebaRoiback\\fidelizarCliente\\src\\Components\\Buttons\\CloseIcon.tsx","statementMap":{"0":{"start":{"line":3,"column":18},"end":{"line":18,"column":1}},"1":{"start":{"line":4,"column":4},"end":{"line":17,"column":5}}},"fnMap":{"0":{"name":"(anonymous_0)","decl":{"start":{"line":3,"column":18},"end":{"line":3,"column":19}},"loc":{"start":{"line":3,"column":91},"end":{"line":18,"column":1}},"line":3}},"branchMap":{"0":{"loc":{"start":{"line":3,"column":20},"end":{"line":3,"column":27}},"type":"default-arg","locations":[{"start":{"line":3,"column":25},"end":{"line":3,"column":27}}],"line":3},"1":{"loc":{"start":{"line":3,"column":29},"end":{"line":3,"column":42}},"type":"default-arg","locations":[{"start":{"line":3,"column":35},"end":{"line":3,"column":42}}],"line":3},"2":{"loc":{"start":{"line":3,"column":44},"end":{"line":3,"column":65}},"type":"default-arg","locations":[{"start":{"line":3,"column":56},"end":{"line":3,"column":65}}],"line":3}},"s":{"0":2,"1":0},"f":{"0":0},"b":{"0":[0],"1":[0],"2":[0]},"_coverageSchema":"1a1c01bbd47fc00a2c39e90264f33305004495a9","hash":"34d41903325ed025d1a604669a73e590702bb8e5"}
,"C:\\Users\\Ayoze\\Desktop\\pruebaRoiback\\fidelizarCliente\\src\\Components\\Buttons\\GoBackIcon.tsx": {"path":"C:\\Users\\Ayoze\\Desktop\\pruebaRoiback\\fidelizarCliente\\src\\Components\\Buttons\\GoBackIcon.tsx","statementMap":{"0":{"start":{"line":3,"column":19},"end":{"line":14,"column":1}},"1":{"start":{"line":4,"column":4},"end":{"line":13,"column":5}}},"fnMap":{"0":{"name":"(anonymous_0)","decl":{"start":{"line":3,"column":19},"end":{"line":3,"column":20}},"loc":{"start":{"line":3,"column":92},"end":{"line":14,"column":1}},"line":3}},"branchMap":{"0":{"loc":{"start":{"line":3,"column":21},"end":{"line":3,"column":28}},"type":"default-arg","locations":[{"start":{"line":3,"column":26},"end":{"line":3,"column":28}}],"line":3},"1":{"loc":{"start":{"line":3,"column":30},"end":{"line":3,"column":43}},"type":"default-arg","locations":[{"start":{"line":3,"column":36},"end":{"line":3,"column":43}}],"line":3},"2":{"loc":{"start":{"line":3,"column":45},"end":{"line":3,"column":66}},"type":"default-arg","locations":[{"start":{"line":3,"column":57},"end":{"line":3,"column":66}}],"line":3}},"s":{"0":2,"1":0},"f":{"0":0},"b":{"0":[0],"1":[0],"2":[0]},"_coverageSchema":"1a1c01bbd47fc00a2c39e90264f33305004495a9","hash":"aa192637dbc74e1e790b95579d5b308ecf3af821"}
,"C:\\Users\\Ayoze\\Desktop\\pruebaRoiback\\fidelizarCliente\\src\\Components\\CongratsPopUp\\AdvantagesPopUp.tsx": {"path":"C:\\Users\\Ayoze\\Desktop\\pruebaRoiback\\fidelizarCliente\\src\\Components\\CongratsPopUp\\AdvantagesPopUp.tsx","statementMap":{"0":{"start":{"line":16,"column":24},"end":{"line":35,"column":1}},"1":{"start":{"line":18,"column":4},"end":{"line":34,"column":5}}},"fnMap":{"0":{"name":"(anonymous_0)","decl":{"start":{"line":16,"column":24},"end":{"line":16,"column":25}},"loc":{"start":{"line":16,"column":75},"end":{"line":35,"column":1}},"line":16}},"branchMap":{},"s":{"0":2,"1":0},"f":{"0":0},"b":{},"_coverageSchema":"1a1c01bbd47fc00a2c39e90264f33305004495a9","hash":"69267c8a5ee53188f844053f8ededed8a238de89"}
,"C:\\Users\\Ayoze\\Desktop\\pruebaRoiback\\fidelizarCliente\\src\\Components\\CustomForm\\DynamicField.tsx": {"path":"C:\\Users\\Ayoze\\Desktop\\pruebaRoiback\\fidelizarCliente\\src\\Components\\CustomForm\\DynamicField.tsx","statementMap":{"0":{"start":{"line":5,"column":28},"end":{"line":32,"column":1}},"1":{"start":{"line":6,"column":25},"end":{"line":6,"column":41}},"2":{"start":{"line":9,"column":4},"end":{"line":31,"column":5}},"3":{"start":{"line":11,"column":8},"end":{"line":18,"column":10}},"4":{"start":{"line":20,"column":8},"end":{"line":27,"column":10}},"5":{"start":{"line":30,"column":8},"end":{"line":30,"column":37}}},"fnMap":{"0":{"name":"(anonymous_0)","decl":{"start":{"line":5,"column":28},"end":{"line":5,"column":29}},"loc":{"start":{"line":5,"column":104},"end":{"line":32,"column":1}},"line":5}},"branchMap":{"0":{"loc":{"start":{"line":5,"column":67},"end":{"line":5,"column":78}},"type":"default-arg","locations":[{"start":{"line":5,"column":76},"end":{"line":5,"column":78}}],"line":5},"1":{"loc":{"start":{"line":9,"column":4},"end":{"line":31,"column":5}},"type":"switch","locations":[{"start":{"line":10,"column":8},"end":{"line":18,"column":10}},{"start":{"line":19,"column":8},"end":{"line":27,"column":10}},{"start":{"line":28,"column":8},"end":{"line":30,"column":37}}],"line":9}},"s":{"0":2,"1":0,"2":0,"3":0,"4":0,"5":0},"f":{"0":0},"b":{"0":[0],"1":[0,0,0]},"_coverageSchema":"1a1c01bbd47fc00a2c39e90264f33305004495a9","hash":"5bad6b80da91bfe57808835eb4629e3c1abae005"}
,"C:\\Users\\Ayoze\\Desktop\\pruebaRoiback\\fidelizarCliente\\src\\Components\\CustomForm\\DynamicForm.tsx": {"path":"C:\\Users\\Ayoze\\Desktop\\pruebaRoiback\\fidelizarCliente\\src\\Components\\CustomForm\\DynamicForm.tsx","statementMap":{"0":{"start":{"line":18,"column":20},"end":{"line":72,"column":1}},"1":{"start":{"line":19,"column":24},"end":{"line":19,"column":33}},"2":{"start":{"line":23,"column":72},"end":{"line":23,"column":83}},"3":{"start":{"line":24,"column":38},"end":{"line":24,"column":53}},"4":{"start":{"line":26,"column":4},"end":{"line":36,"column":30}},"5":{"start":{"line":27,"column":29},"end":{"line":31,"column":10}},"6":{"start":{"line":29,"column":30},"end":{"line":29,"column":84}},"7":{"start":{"line":29,"column":64},"end":{"line":29,"column":83}},"8":{"start":{"line":30,"column":12},"end":{"line":30,"column":46}},"9":{"start":{"line":30,"column":34},"end":{"line":30,"column":44}},"10":{"start":{"line":33,"column":8},"end":{"line":35,"column":9}},"11":{"start":{"line":34,"column":12},"end":{"line":34,"column":39}},"12":{"start":{"line":38,"column":4},"end":{"line":71,"column":6}},"13":{"start":{"line":53,"column":40},"end":{"line":61,"column":46}}},"fnMap":{"0":{"name":"(anonymous_0)","decl":{"start":{"line":18,"column":20},"end":{"line":18,"column":21}},"loc":{"start":{"line":18,"column":84},"end":{"line":72,"column":1}},"line":18},"1":{"name":"(anonymous_1)","decl":{"start":{"line":26,"column":14},"end":{"line":26,"column":15}},"loc":{"start":{"line":26,"column":20},"end":{"line":36,"column":5}},"line":26},"2":{"name":"(anonymous_2)","decl":{"start":{"line":27,"column":35},"end":{"line":27,"column":36}},"loc":{"start":{"line":27,"column":44},"end":{"line":31,"column":9}},"line":27},"3":{"name":"(anonymous_3)","decl":{"start":{"line":29,"column":55},"end":{"line":29,"column":56}},"loc":{"start":{"line":29,"column":64},"end":{"line":29,"column":83}},"line":29},"4":{"name":"(anonymous_4)","decl":{"start":{"line":30,"column":25},"end":{"line":30,"column":26}},"loc":{"start":{"line":30,"column":34},"end":{"line":30,"column":44}},"line":30},"5":{"name":"(anonymous_5)","decl":{"start":{"line":33,"column":15},"end":{"line":33,"column":16}},"loc":{"start":{"line":33,"column":21},"end":{"line":35,"column":9}},"line":33},"6":{"name":"(anonymous_6)","decl":{"start":{"line":52,"column":56},"end":{"line":52,"column":57}},"loc":{"start":{"line":53,"column":40},"end":{"line":61,"column":46}},"line":53}},"branchMap":{"0":{"loc":{"start":{"line":56,"column":67},"end":{"line":56,"column":106}},"type":"binary-expr","locations":[{"start":{"line":56,"column":67},"end":{"line":56,"column":90}},{"start":{"line":56,"column":94},"end":{"line":56,"column":106}}],"line":56},"1":{"loc":{"start":{"line":66,"column":85},"end":{"line":66,"column":111}},"type":"binary-expr","locations":[{"start":{"line":66,"column":85},"end":{"line":66,"column":97}},{"start":{"line":66,"column":101},"end":{"line":66,"column":111}}],"line":66}},"s":{"0":2,"1":0,"2":0,"3":0,"4":0,"5":0,"6":0,"7":0,"8":0,"9":0,"10":0,"11":0,"12":0,"13":0},"f":{"0":0,"1":0,"2":0,"3":0,"4":0,"5":0,"6":0},"b":{"0":[0,0],"1":[0,0]},"_coverageSchema":"1a1c01bbd47fc00a2c39e90264f33305004495a9","hash":"7a7cd691144eec1f487d76eb9d2d2bb1a9758cf9"}
,"C:\\Users\\Ayoze\\Desktop\\pruebaRoiback\\fidelizarCliente\\src\\Components\\FidelizarCliente\\FidelizarCliente.tsx": {"path":"C:\\Users\\Ayoze\\Desktop\\pruebaRoiback\\fidelizarCliente\\src\\Components\\FidelizarCliente\\FidelizarCliente.tsx","statementMap":{"0":{"start":{"line":11,"column":44},"end":{"line":11,"column":67}},"1":{"start":{"line":13,"column":25},"end":{"line":78,"column":1}},"2":{"start":{"line":15,"column":33},"end":{"line":15,"column":46}},"3":{"start":{"line":16,"column":114},"end":{"line":16,"column":172}},"4":{"start":{"line":16,"column":147},"end":{"line":16,"column":171}},"5":{"start":{"line":17,"column":27},"end":{"line":17,"column":107}},"6":{"start":{"line":17,"column":60},"end":{"line":17,"column":106}},"7":{"start":{"line":22,"column":4},"end":{"line":29,"column":11}},"8":{"start":{"line":23,"column":24},"end":{"line":23,"column":80}},"9":{"start":{"line":26,"column":8},"end":{"line":28,"column":9}},"10":{"start":{"line":27,"column":12},"end":{"line":27,"column":28}},"11":{"start":{"line":34,"column":4},"end":{"line":38,"column":23}},"12":{"start":{"line":35,"column":8},"end":{"line":37,"column":9}},"13":{"start":{"line":36,"column":12},"end":{"line":36,"column":58}},"14":{"start":{"line":44,"column":28},"end":{"line":46,"column":5}},"15":{"start":{"line":45,"column":8},"end":{"line":45,"column":46}},"16":{"start":{"line":52,"column":25},"end":{"line":56,"column":5}},"17":{"start":{"line":55,"column":8},"end":{"line":55,"column":83}},"18":{"start":{"line":59,"column":20},"end":{"line":59,"column":74}},"19":{"start":{"line":60,"column":4},"end":{"line":75,"column":5}},"20":{"start":{"line":61,"column":8},"end":{"line":61,"column":58}},"21":{"start":{"line":63,"column":10},"end":{"line":75,"column":5}},"22":{"start":{"line":64,"column":8},"end":{"line":64,"column":42}},"23":{"start":{"line":66,"column":10},"end":{"line":75,"column":5}},"24":{"start":{"line":67,"column":8},"end":{"line":67,"column":44}},"25":{"start":{"line":69,"column":10},"end":{"line":75,"column":5}},"26":{"start":{"line":70,"column":8},"end":{"line":70,"column":145}},"27":{"start":{"line":72,"column":11},"end":{"line":75,"column":5}},"28":{"start":{"line":73,"column":8},"end":{"line":73,"column":125}},"29":{"start":{"line":77,"column":4},"end":{"line":77,"column":21}}},"fnMap":{"0":{"name":"(anonymous_0)","decl":{"start":{"line":13,"column":25},"end":{"line":13,"column":26}},"loc":{"start":{"line":13,"column":31},"end":{"line":78,"column":1}},"line":13},"1":{"name":"(anonymous_1)","decl":{"start":{"line":16,"column":126},"end":{"line":16,"column":127}},"loc":{"start":{"line":16,"column":147},"end":{"line":16,"column":171}},"line":16},"2":{"name":"(anonymous_2)","decl":{"start":{"line":17,"column":39},"end":{"line":17,"column":40}},"loc":{"start":{"line":17,"column":60},"end":{"line":17,"column":106}},"line":17},"3":{"name":"(anonymous_3)","decl":{"start":{"line":22,"column":14},"end":{"line":22,"column":15}},"loc":{"start":{"line":22,"column":20},"end":{"line":29,"column":5}},"line":22},"4":{"name":"(anonymous_4)","decl":{"start":{"line":26,"column":15},"end":{"line":26,"column":16}},"loc":{"start":{"line":26,"column":19},"end":{"line":28,"column":9}},"line":26},"5":{"name":"(anonymous_5)","decl":{"start":{"line":34,"column":14},"end":{"line":34,"column":15}},"loc":{"start":{"line":34,"column":20},"end":{"line":38,"column":5}},"line":34},"6":{"name":"(anonymous_6)","decl":{"start":{"line":44,"column":28},"end":{"line":44,"column":29}},"loc":{"start":{"line":44,"column":32},"end":{"line":46,"column":5}},"line":44},"7":{"name":"(anonymous_7)","decl":{"start":{"line":52,"column":25},"end":{"line":52,"column":26}},"loc":{"start":{"line":52,"column":47},"end":{"line":56,"column":5}},"line":52}},"branchMap":{"0":{"loc":{"start":{"line":35,"column":8},"end":{"line":37,"column":9}},"type":"if","locations":[{"start":{"line":35,"column":8},"end":{"line":37,"column":9}},{"start":{},"end":{}}],"line":35},"1":{"loc":{"start":{"line":60,"column":4},"end":{"line":75,"column":5}},"type":"if","locations":[{"start":{"line":60,"column":4},"end":{"line":75,"column":5}},{"start":{"line":63,"column":10},"end":{"line":75,"column":5}}],"line":60},"2":{"loc":{"start":{"line":63,"column":10},"end":{"line":75,"column":5}},"type":"if","locations":[{"start":{"line":63,"column":10},"end":{"line":75,"column":5}},{"start":{"line":66,"column":10},"end":{"line":75,"column":5}}],"line":63},"3":{"loc":{"start":{"line":63,"column":13},"end":{"line":63,"column":53}},"type":"binary-expr","locations":[{"start":{"line":63,"column":13},"end":{"line":63,"column":40}},{"start":{"line":63,"column":44},"end":{"line":63,"column":53}}],"line":63},"4":{"loc":{"start":{"line":66,"column":10},"end":{"line":75,"column":5}},"type":"if","locations":[{"start":{"line":66,"column":10},"end":{"line":75,"column":5}},{"start":{"line":69,"column":10},"end":{"line":75,"column":5}}],"line":66},"5":{"loc":{"start":{"line":66,"column":13},"end":{"line":66,"column":70}},"type":"binary-expr","locations":[{"start":{"line":66,"column":13},"end":{"line":66,"column":49}},{"start":{"line":66,"column":53},"end":{"line":66,"column":70}}],"line":66},"6":{"loc":{"start":{"line":69,"column":10},"end":{"line":75,"column":5}},"type":"if","locations":[{"start":{"line":69,"column":10},"end":{"line":75,"column":5}},{"start":{"line":72,"column":11},"end":{"line":75,"column":5}}],"line":69},"7":{"loc":{"start":{"line":69,"column":13},"end":{"line":69,"column":65}},"type":"binary-expr","locations":[{"start":{"line":69,"column":13},"end":{"line":69,"column":47}},{"start":{"line":69,"column":51},"end":{"line":69,"column":65}}],"line":69},"8":{"loc":{"start":{"line":72,"column":11},"end":{"line":75,"column":5}},"type":"if","locations":[{"start":{"line":72,"column":11},"end":{"line":75,"column":5}},{"start":{},"end":{}}],"line":72},"9":{"loc":{"start":{"line":72,"column":14},"end":{"line":72,"column":64}},"type":"binary-expr","locations":[{"start":{"line":72,"column":14},"end":{"line":72,"column":50}},{"start":{"line":72,"column":54},"end":{"line":72,"column":64}}],"line":72}},"s":{"0":2,"1":2,"2":2,"3":2,"4":3,"5":2,"6":3,"7":2,"8":1,"9":1,"10":1,"11":2,"12":1,"13":0,"14":2,"15":0,"16":2,"17":0,"18":2,"19":2,"20":0,"21":2,"22":2,"23":0,"24":0,"25":0,"26":0,"27":0,"28":0,"29":2},"f":{"0":2,"1":3,"2":3,"3":1,"4":1,"5":1,"6":0,"7":0},"b":{"0":[0,1],"1":[0,2],"2":[2,0],"3":[2,0],"4":[0,0],"5":[0,0],"6":[0,0],"7":[0,0],"8":[0,0],"9":[0,0]},"_coverageSchema":"1a1c01bbd47fc00a2c39e90264f33305004495a9","hash":"b1cf700cde1610796ae0ac16ce349bc57336150e"}
,"C:\\Users\\Ayoze\\Desktop\\pruebaRoiback\\fidelizarCliente\\src\\Components\\FidelizarCliente\\SelectProfileScreen.tsx": {"path":"C:\\Users\\Ayoze\\Desktop\\pruebaRoiback\\fidelizarCliente\\src\\Components\\FidelizarCliente\\SelectProfileScreen.tsx","statementMap":{"0":{"start":{"line":9,"column":28},"end":{"line":79,"column":1}},"1":{"start":{"line":11,"column":33},"end":{"line":11,"column":46}},"2":{"start":{"line":12,"column":59},"end":{"line":12,"column":117}},"3":{"start":{"line":12,"column":92},"end":{"line":12,"column":116}},"4":{"start":{"line":13,"column":24},"end":{"line":13,"column":51}},"5":{"start":{"line":20,"column":31},"end":{"line":29,"column":5}},"6":{"start":{"line":22,"column":8},"end":{"line":28,"column":9}},"7":{"start":{"line":23,"column":12},"end":{"line":23,"column":47}},"8":{"start":{"line":24,"column":12},"end":{"line":24,"column":48}},"9":{"start":{"line":27,"column":12},"end":{"line":27,"column":50}},"10":{"start":{"line":35,"column":29},"end":{"line":42,"column":5}},"11":{"start":{"line":36,"column":8},"end":{"line":41,"column":9}},"12":{"start":{"line":37,"column":12},"end":{"line":37,"column":50}},"13":{"start":{"line":40,"column":12},"end":{"line":40,"column":41}},"14":{"start":{"line":44,"column":25},"end":{"line":72,"column":27}},"15":{"start":{"line":45,"column":8},"end":{"line":67,"column":9}},"16":{"start":{"line":45,"column":30},"end":{"line":67,"column":9}},"17":{"start":{"line":54,"column":28},"end":{"line":60,"column":30}},"18":{"start":{"line":58,"column":46},"end":{"line":58,"column":77}},"19":{"start":{"line":70,"column":8},"end":{"line":70,"column":70}},"20":{"start":{"line":74,"column":4},"end":{"line":78,"column":5}}},"fnMap":{"0":{"name":"(anonymous_0)","decl":{"start":{"line":9,"column":28},"end":{"line":9,"column":29}},"loc":{"start":{"line":9,"column":34},"end":{"line":79,"column":1}},"line":9},"1":{"name":"(anonymous_1)","decl":{"start":{"line":12,"column":71},"end":{"line":12,"column":72}},"loc":{"start":{"line":12,"column":92},"end":{"line":12,"column":116}},"line":12},"2":{"name":"(anonymous_2)","decl":{"start":{"line":20,"column":31},"end":{"line":20,"column":32}},"loc":{"start":{"line":20,"column":50},"end":{"line":29,"column":5}},"line":20},"3":{"name":"(anonymous_3)","decl":{"start":{"line":35,"column":29},"end":{"line":35,"column":30}},"loc":{"start":{"line":35,"column":70},"end":{"line":42,"column":5}},"line":35},"4":{"name":"(anonymous_4)","decl":{"start":{"line":44,"column":33},"end":{"line":44,"column":34}},"loc":{"start":{"line":44,"column":39},"end":{"line":72,"column":5}},"line":44},"5":{"name":"(anonymous_5)","decl":{"start":{"line":53,"column":56},"end":{"line":53,"column":57}},"loc":{"start":{"line":54,"column":28},"end":{"line":60,"column":30}},"line":54},"6":{"name":"(anonymous_6)","decl":{"start":{"line":58,"column":41},"end":{"line":58,"column":42}},"loc":{"start":{"line":58,"column":45},"end":{"line":58,"column":78}},"line":58}},"branchMap":{"0":{"loc":{"start":{"line":22,"column":8},"end":{"line":28,"column":9}},"type":"if","locations":[{"start":{"line":22,"column":8},"end":{"line":28,"column":9}},{"start":{"line":25,"column":13},"end":{"line":28,"column":9}}],"line":22},"1":{"loc":{"start":{"line":22,"column":11},"end":{"line":22,"column":45}},"type":"binary-expr","locations":[{"start":{"line":22,"column":11},"end":{"line":22,"column":22}},{"start":{"line":22,"column":27},"end":{"line":22,"column":44}}],"line":22},"2":{"loc":{"start":{"line":36,"column":8},"end":{"line":41,"column":9}},"type":"if","locations":[{"start":{"line":36,"column":8},"end":{"line":41,"column":9}},{"start":{"line":38,"column":13},"end":{"line":41,"column":9}}],"line":36},"3":{"loc":{"start":{"line":45,"column":8},"end":{"line":67,"column":9}},"type":"if","locations":[{"start":{"line":45,"column":8},"end":{"line":67,"column":9}},{"start":{},"end":{}}],"line":45}},"s":{"0":2,"1":0,"2":0,"3":0,"4":0,"5":0,"6":0,"7":0,"8":0,"9":0,"10":0,"11":0,"12":0,"13":0,"14":0,"15":0,"16":0,"17":0,"18":0,"19":0,"20":0},"f":{"0":0,"1":0,"2":0,"3":0,"4":0,"5":0,"6":0},"b":{"0":[0,0],"1":[0,0],"2":[0,0],"3":[0,0]},"_coverageSchema":"1a1c01bbd47fc00a2c39e90264f33305004495a9","hash":"ae058334a31acc310c95f07c0e22b248a79bf42a"}
,"C:\\Users\\Ayoze\\Desktop\\pruebaRoiback\\fidelizarCliente\\src\\Components\\Loading\\FullScreenLoading.tsx": {"path":"C:\\Users\\Ayoze\\Desktop\\pruebaRoiback\\fidelizarCliente\\src\\Components\\Loading\\FullScreenLoading.tsx","statementMap":{"0":{"start":{"line":9,"column":33},"end":{"line":17,"column":1}},"1":{"start":{"line":11,"column":4},"end":{"line":16,"column":10}}},"fnMap":{"0":{"name":"(anonymous_0)","decl":{"start":{"line":9,"column":33},"end":{"line":9,"column":34}},"loc":{"start":{"line":11,"column":4},"end":{"line":16,"column":10}},"line":11}},"branchMap":{"0":{"loc":{"start":{"line":9,"column":36},"end":{"line":9,"column":47}},"type":"default-arg","locations":[{"start":{"line":9,"column":43},"end":{"line":9,"column":47}}],"line":9},"1":{"loc":{"start":{"line":11,"column":43},"end":{"line":11,"column":65}},"type":"cond-expr","locations":[{"start":{"line":11,"column":52},"end":{"line":11,"column":60}},{"start":{"line":11,"column":63},"end":{"line":11,"column":65}}],"line":11}},"s":{"0":3,"1":4},"f":{"0":4},"b":{"0":[3],"1":[3,1]},"_coverageSchema":"1a1c01bbd47fc00a2c39e90264f33305004495a9","hash":"2b1f3e574718e53e708d5f7be04cdc0964d02a48"}
,"C:\\Users\\Ayoze\\Desktop\\pruebaRoiback\\fidelizarCliente\\src\\store\\store.ts": {"path":"C:\\Users\\Ayoze\\Desktop\\pruebaRoiback\\fidelizarCliente\\src\\store\\store.ts","statementMap":{"0":{"start":{"line":4,"column":21},"end":{"line":9,"column":2}}},"fnMap":{},"branchMap":{},"s":{"0":1},"f":{},"b":{},"_coverageSchema":"1a1c01bbd47fc00a2c39e90264f33305004495a9","hash":"de38ebc6912d9a2a1f2cf415c4d2d0b672152d25"}
,"C:\\Users\\Ayoze\\Desktop\\pruebaRoiback\\fidelizarCliente\\src\\store\\slices\\fidelizarCliente\\clientFidelizationSlice.ts": {"path":"C:\\Users\\Ayoze\\Desktop\\pruebaRoiback\\fidelizarCliente\\src\\store\\slices\\fidelizarCliente\\clientFidelizationSlice.ts","statementMap":{"0":{"start":{"line":25,"column":38},"end":{"line":34,"column":1}},"1":{"start":{"line":36,"column":39},"end":{"line":119,"column":2}},"2":{"start":{"line":41,"column":12},"end":{"line":41,"column":52}},"3":{"start":{"line":44,"column":12},"end":{"line":44,"column":53}},"4":{"start":{"line":48,"column":8},"end":{"line":117,"column":14}},"5":{"start":{"line":51,"column":16},"end":{"line":51,"column":39}},"6":{"start":{"line":54,"column":16},"end":{"line":54,"column":40}},"7":{"start":{"line":55,"column":16},"end":{"line":55,"column":57}},"8":{"start":{"line":56,"column":16},"end":{"line":56,"column":57}},"9":{"start":{"line":59,"column":16},"end":{"line":59,"column":40}},"10":{"start":{"line":60,"column":16},"end":{"line":60,"column":78}},"11":{"start":{"line":65,"column":16},"end":{"line":65,"column":39}},"12":{"start":{"line":66,"column":16},"end":{"line":66,"column":42}},"13":{"start":{"line":69,"column":16},"end":{"line":69,"column":40}},"14":{"start":{"line":72,"column":16},"end":{"line":74,"column":17}},"15":{"start":{"line":73,"column":20},"end":{"line":73,"column":44}},"16":{"start":{"line":77,"column":41},"end":{"line":77,"column":58}},"17":{"start":{"line":78,"column":16},"end":{"line":78,"column":59}},"18":{"start":{"line":79,"column":16},"end":{"line":79,"column":70}},"19":{"start":{"line":81,"column":16},"end":{"line":81,"column":55}},"20":{"start":{"line":84,"column":16},"end":{"line":84,"column":40}},"21":{"start":{"line":85,"column":16},"end":{"line":85,"column":78}},"22":{"start":{"line":90,"column":16},"end":{"line":90,"column":39}},"23":{"start":{"line":93,"column":16},"end":{"line":93,"column":40}},"24":{"start":{"line":94,"column":16},"end":{"line":94,"column":50}},"25":{"start":{"line":95,"column":16},"end":{"line":95,"column":57}},"26":{"start":{"line":98,"column":16},"end":{"line":98,"column":40}},"27":{"start":{"line":99,"column":16},"end":{"line":99,"column":78}},"28":{"start":{"line":104,"column":16},"end":{"line":104,"column":39}},"29":{"start":{"line":107,"column":16},"end":{"line":107,"column":40}},"30":{"start":{"line":108,"column":16},"end":{"line":108,"column":52}},"31":{"start":{"line":109,"column":16},"end":{"line":109,"column":47}},"32":{"start":{"line":115,"column":16},"end":{"line":115,"column":40}},"33":{"start":{"line":116,"column":16},"end":{"line":116,"column":78}},"34":{"start":{"line":125,"column":30},"end":{"line":125,"column":89}},"35":{"start":{"line":125,"column":51},"end":{"line":125,"column":89}},"36":{"start":{"line":131,"column":35},"end":{"line":138,"column":1}},"37":{"start":{"line":134,"column":24},"end":{"line":134,"column":26}},"38":{"start":{"line":137,"column":19},"end":{"line":137,"column":49}},"39":{"start":{"line":140,"column":52},"end":{"line":140,"column":83}}},"fnMap":{"0":{"name":"(anonymous_0)","decl":{"start":{"line":40,"column":20},"end":{"line":40,"column":21}},"loc":{"start":{"line":40,"column":71},"end":{"line":42,"column":9}},"line":40},"1":{"name":"(anonymous_1)","decl":{"start":{"line":43,"column":30},"end":{"line":43,"column":31}},"loc":{"start":{"line":43,"column":81},"end":{"line":45,"column":9}},"line":43},"2":{"name":"(anonymous_2)","decl":{"start":{"line":47,"column":4},"end":{"line":47,"column":5}},"loc":{"start":{"line":47,"column":26},"end":{"line":118,"column":5}},"line":47},"3":{"name":"(anonymous_3)","decl":{"start":{"line":50,"column":45},"end":{"line":50,"column":46}},"loc":{"start":{"line":50,"column":62},"end":{"line":52,"column":13}},"line":50},"4":{"name":"(anonymous_4)","decl":{"start":{"line":53,"column":47},"end":{"line":53,"column":48}},"loc":{"start":{"line":53,"column":64},"end":{"line":57,"column":13}},"line":53},"5":{"name":"(anonymous_5)","decl":{"start":{"line":58,"column":46},"end":{"line":58,"column":47}},"loc":{"start":{"line":58,"column":63},"end":{"line":61,"column":13}},"line":58},"6":{"name":"(anonymous_6)","decl":{"start":{"line":64,"column":54},"end":{"line":64,"column":55}},"loc":{"start":{"line":64,"column":71},"end":{"line":67,"column":13}},"line":64},"7":{"name":"(anonymous_7)","decl":{"start":{"line":68,"column":56},"end":{"line":68,"column":57}},"loc":{"start":{"line":68,"column":73},"end":{"line":82,"column":13}},"line":68},"8":{"name":"(anonymous_8)","decl":{"start":{"line":83,"column":55},"end":{"line":83,"column":56}},"loc":{"start":{"line":83,"column":72},"end":{"line":86,"column":13}},"line":83},"9":{"name":"(anonymous_9)","decl":{"start":{"line":89,"column":52},"end":{"line":89,"column":53}},"loc":{"start":{"line":89,"column":69},"end":{"line":91,"column":13}},"line":89},"10":{"name":"(anonymous_10)","decl":{"start":{"line":92,"column":54},"end":{"line":92,"column":55}},"loc":{"start":{"line":92,"column":71},"end":{"line":96,"column":13}},"line":92},"11":{"name":"(anonymous_11)","decl":{"start":{"line":97,"column":53},"end":{"line":97,"column":54}},"loc":{"start":{"line":97,"column":70},"end":{"line":100,"column":13}},"line":97},"12":{"name":"(anonymous_12)","decl":{"start":{"line":103,"column":51},"end":{"line":103,"column":52}},"loc":{"start":{"line":103,"column":68},"end":{"line":105,"column":13}},"line":103},"13":{"name":"(anonymous_13)","decl":{"start":{"line":106,"column":53},"end":{"line":106,"column":54}},"loc":{"start":{"line":106,"column":70},"end":{"line":113,"column":13}},"line":106},"14":{"name":"(anonymous_14)","decl":{"start":{"line":114,"column":52},"end":{"line":114,"column":53}},"loc":{"start":{"line":114,"column":69},"end":{"line":117,"column":13}},"line":114},"15":{"name":"(anonymous_15)","decl":{"start":{"line":125,"column":30},"end":{"line":125,"column":31}},"loc":{"start":{"line":125,"column":51},"end":{"line":125,"column":89}},"line":125},"16":{"name":"(anonymous_16)","decl":{"start":{"line":134,"column":6},"end":{"line":134,"column":7}},"loc":{"start":{"line":134,"column":24},"end":{"line":134,"column":26}},"line":134},"17":{"name":"(anonymous_17)","decl":{"start":{"line":137,"column":4},"end":{"line":137,"column":5}},"loc":{"start":{"line":137,"column":19},"end":{"line":137,"column":49}},"line":137}},"branchMap":{"0":{"loc":{"start":{"line":60,"column":30},"end":{"line":60,"column":77}},"type":"binary-expr","locations":[{"start":{"line":60,"column":30},"end":{"line":60,"column":50}},{"start":{"line":60,"column":54},"end":{"line":60,"column":77}}],"line":60},"1":{"loc":{"start":{"line":72,"column":16},"end":{"line":74,"column":17}},"type":"if","locations":[{"start":{"line":72,"column":16},"end":{"line":74,"column":17}},{"start":{},"end":{}}],"line":72},"2":{"loc":{"start":{"line":85,"column":30},"end":{"line":85,"column":77}},"type":"binary-expr","locations":[{"start":{"line":85,"column":30},"end":{"line":85,"column":50}},{"start":{"line":85,"column":54},"end":{"line":85,"column":77}}],"line":85},"3":{"loc":{"start":{"line":99,"column":30},"end":{"line":99,"column":77}},"type":"binary-expr","locations":[{"start":{"line":99,"column":30},"end":{"line":99,"column":50}},{"start":{"line":99,"column":54},"end":{"line":99,"column":77}}],"line":99},"4":{"loc":{"start":{"line":116,"column":30},"end":{"line":116,"column":77}},"type":"binary-expr","locations":[{"start":{"line":116,"column":30},"end":{"line":116,"column":50}},{"start":{"line":116,"column":54},"end":{"line":116,"column":77}}],"line":116},"5":{"loc":{"start":{"line":137,"column":19},"end":{"line":137,"column":49}},"type":"cond-expr","locations":[{"start":{"line":137,"column":33},"end":{"line":137,"column":42}},{"start":{"line":137,"column":45},"end":{"line":137,"column":49}}],"line":137},"6":{"loc":{"start":{"line":137,"column":19},"end":{"line":137,"column":30}},"type":"binary-expr","locations":[{"start":{"line":137,"column":19},"end":{"line":137,"column":21}},{"start":{"line":137,"column":25},"end":{"line":137,"column":30}}],"line":137}},"s":{"0":2,"1":2,"2":1,"3":1,"4":2,"5":2,"6":1,"7":1,"8":1,"9":1,"10":1,"11":1,"12":1,"13":1,"14":1,"15":1,"16":1,"17":1,"18":1,"19":1,"20":0,"21":0,"22":0,"23":0,"24":0,"25":0,"26":0,"27":0,"28":0,"29":0,"30":0,"31":0,"32":0,"33":0,"34":2,"35":2,"36":2,"37":2,"38":1,"39":2},"f":{"0":1,"1":1,"2":2,"3":2,"4":1,"5":1,"6":1,"7":1,"8":0,"9":0,"10":0,"11":0,"12":0,"13":0,"14":0,"15":2,"16":2,"17":1},"b":{"0":[1,0],"1":[1,0],"2":[0,0],"3":[0,0],"4":[0,0],"5":[0,1],"6":[1,0]},"_coverageSchema":"1a1c01bbd47fc00a2c39e90264f33305004495a9","hash":"b787498f4bb66962f9f6cd09ff3d34ef540f07f8"}
,"C:\\Users\\Ayoze\\Desktop\\pruebaRoiback\\fidelizarCliente\\src\\store\\slices\\fidelizarCliente\\thunks.ts": {"path":"C:\\Users\\Ayoze\\Desktop\\pruebaRoiback\\fidelizarCliente\\src\\store\\slices\\fidelizarCliente\\thunks.ts","statementMap":{"0":{"start":{"line":10,"column":30},"end":{"line":27,"column":2}},"1":{"start":{"line":25,"column":21},"end":{"line":25,"column":41}},"2":{"start":{"line":26,"column":4},"end":{"line":26,"column":25}},"3":{"start":{"line":32,"column":39},"end":{"line":44,"column":2}},"4":{"start":{"line":42,"column":21},"end":{"line":42,"column":60}},"5":{"start":{"line":43,"column":4},"end":{"line":43,"column":25}},"6":{"start":{"line":49,"column":37},"end":{"line":60,"column":2}},"7":{"start":{"line":58,"column":21},"end":{"line":58,"column":72}},"8":{"start":{"line":59,"column":4},"end":{"line":59,"column":25}},"9":{"start":{"line":65,"column":36},"end":{"line":88,"column":2}},"10":{"start":{"line":66,"column":4},"end":{"line":87,"column":5}},"11":{"start":{"line":80,"column":8},"end":{"line":80,"column":24}},"12":{"start":{"line":83,"column":8},"end":{"line":83,"column":25}},"13":{"start":{"line":86,"column":8},"end":{"line":86,"column":44}},"14":{"start":{"line":92,"column":4},"end":{"line":94,"column":6}},"15":{"start":{"line":93,"column":8},"end":{"line":93,"column":34}}},"fnMap":{"0":{"name":"(anonymous_0)","decl":{"start":{"line":10,"column":84},"end":{"line":10,"column":85}},"loc":{"start":{"line":10,"column":123},"end":{"line":27,"column":1}},"line":10},"1":{"name":"(anonymous_1)","decl":{"start":{"line":32,"column":102},"end":{"line":32,"column":103}},"loc":{"start":{"line":32,"column":143},"end":{"line":44,"column":1}},"line":32},"2":{"name":"(anonymous_2)","decl":{"start":{"line":49,"column":98},"end":{"line":49,"column":99}},"loc":{"start":{"line":49,"column":146},"end":{"line":60,"column":1}},"line":49},"3":{"name":"(anonymous_3)","decl":{"start":{"line":65,"column":96},"end":{"line":65,"column":97}},"loc":{"start":{"line":65,"column":198},"end":{"line":88,"column":1}},"line":65},"4":{"name":"wait","decl":{"start":{"line":91,"column":9},"end":{"line":91,"column":13}},"loc":{"start":{"line":91,"column":23},"end":{"line":95,"column":1}},"line":91},"5":{"name":"(anonymous_5)","decl":{"start":{"line":92,"column":23},"end":{"line":92,"column":24}},"loc":{"start":{"line":92,"column":32},"end":{"line":94,"column":5}},"line":92}},"branchMap":{},"s":{"0":2,"1":2,"2":1,"3":2,"4":1,"5":1,"6":2,"7":0,"8":0,"9":2,"10":0,"11":0,"12":0,"13":0,"14":0,"15":0},"f":{"0":2,"1":1,"2":0,"3":0,"4":0,"5":0},"b":{},"_coverageSchema":"1a1c01bbd47fc00a2c39e90264f33305004495a9","hash":"80ccd97da87d90b178a03bcfc9d7e7021f7b1a93"}
,"C:\\Users\\Ayoze\\Desktop\\pruebaRoiback\\fidelizarCliente\\test\\fixtures\\fidelizationFixtures.ts": {"path":"C:\\Users\\Ayoze\\Desktop\\pruebaRoiback\\fidelizarCliente\\test\\fixtures\\fidelizationFixtures.ts","statementMap":{"0":{"start":{"line":10,"column":49},"end":{"line":19,"column":1}},"1":{"start":{"line":21,"column":25},"end":{"line":21,"column":33}},"2":{"start":{"line":23,"column":50},"end":{"line":41,"column":1}},"3":{"start":{"line":43,"column":59},"end":{"line":75,"column":1}},"4":{"start":{"line":77,"column":28},"end":{"line":81,"column":1}},"5":{"start":{"line":78,"column":17},"end":{"line":78,"column":39}},"6":{"start":{"line":79,"column":4},"end":{"line":79,"column":75}},"7":{"start":{"line":80,"column":4},"end":{"line":80,"column":90}},"8":{"start":{"line":86,"column":18},"end":{"line":91,"column":6}},"9":{"start":{"line":92,"column":4},"end":{"line":92,"column":17}}},"fnMap":{"0":{"name":"(anonymous_0)","decl":{"start":{"line":77,"column":28},"end":{"line":77,"column":29}},"loc":{"start":{"line":77,"column":34},"end":{"line":81,"column":1}},"line":77},"1":{"name":"createTestStore","decl":{"start":{"line":84,"column":16},"end":{"line":84,"column":31}},"loc":{"start":{"line":84,"column":34},"end":{"line":93,"column":1}},"line":84}},"branchMap":{},"s":{"0":2,"1":2,"2":2,"3":2,"4":2,"5":2,"6":2,"7":2,"8":1,"9":1},"f":{"0":2,"1":1},"b":{},"_coverageSchema":"1a1c01bbd47fc00a2c39e90264f33305004495a9","hash":"29c73c347f938dc49991676fd59f052bf4229ec5"}
}
