TN:
SF:src\Components\Buttons\Button.tsx
FN:12,(anonymous_0)
FNF:1
FNH:1
FNDA:6,(anonymous_0)
DA:12,5
DA:13,6
LF:2
LH:2
BRDA:12,0,0,6
BRDA:12,1,0,6
BRDA:14,2,0,0
BRDA:14,2,1,6
BRDA:14,3,0,0
BRDA:14,3,1,6
BRF:6
BRH:4
end_of_record
TN:
SF:src\Components\Buttons\CloseIcon.tsx
FN:3,(anonymous_0)
FNF:1
FNH:0
FNDA:0,(anonymous_0)
DA:3,2
DA:4,0
LF:2
LH:1
BRDA:3,0,0,0
BRDA:3,1,0,0
BRDA:3,2,0,0
BRF:3
BRH:0
end_of_record
TN:
SF:src\Components\Buttons\GoBackIcon.tsx
FN:3,(anonymous_0)
FNF:1
FNH:0
FNDA:0,(anonymous_0)
DA:3,2
DA:4,0
LF:2
LH:1
BRDA:3,0,0,0
BRDA:3,1,0,0
BRDA:3,2,0,0
BRF:3
BRH:0
end_of_record
TN:
SF:src\Components\CongratsPopUp\AdvantagesPopUp.tsx
FN:16,(anonymous_0)
FNF:1
FNH:0
FNDA:0,(anonymous_0)
DA:16,2
DA:18,0
LF:2
LH:1
BRF:0
BRH:0
end_of_record
TN:
SF:src\Components\CustomForm\DynamicField.tsx
FN:5,(anonymous_0)
FNF:1
FNH:0
FNDA:0,(anonymous_0)
DA:5,2
DA:6,0
DA:9,0
DA:11,0
DA:20,0
DA:30,0
LF:6
LH:1
BRDA:5,0,0,0
BRDA:9,1,0,0
BRDA:9,1,1,0
BRDA:9,1,2,0
BRF:4
BRH:0
end_of_record
TN:
SF:src\Components\CustomForm\DynamicForm.tsx
FN:18,(anonymous_0)
FN:26,(anonymous_1)
FN:27,(anonymous_2)
FN:29,(anonymous_3)
FN:30,(anonymous_4)
FN:33,(anonymous_5)
FN:52,(anonymous_6)
FNF:7
FNH:0
FNDA:0,(anonymous_0)
FNDA:0,(anonymous_1)
FNDA:0,(anonymous_2)
FNDA:0,(anonymous_3)
FNDA:0,(anonymous_4)
FNDA:0,(anonymous_5)
FNDA:0,(anonymous_6)
DA:18,2
DA:19,0
DA:23,0
DA:24,0
DA:26,0
DA:27,0
DA:29,0
DA:30,0
DA:33,0
DA:34,0
DA:38,0
DA:53,0
LF:12
LH:1
BRDA:56,0,0,0
BRDA:56,0,1,0
BRDA:66,1,0,0
BRDA:66,1,1,0
BRF:4
BRH:0
end_of_record
TN:
SF:src\Components\FidelizarCliente\FidelizarCliente.tsx
FN:13,(anonymous_0)
FN:16,(anonymous_1)
FN:17,(anonymous_2)
FN:22,(anonymous_3)
FN:26,(anonymous_4)
FN:34,(anonymous_5)
FN:44,(anonymous_6)
FN:52,(anonymous_7)
FNF:8
FNH:6
FNDA:2,(anonymous_0)
FNDA:3,(anonymous_1)
FNDA:3,(anonymous_2)
FNDA:1,(anonymous_3)
FNDA:1,(anonymous_4)
FNDA:1,(anonymous_5)
FNDA:0,(anonymous_6)
FNDA:0,(anonymous_7)
DA:11,2
DA:13,2
DA:15,2
DA:16,3
DA:17,3
DA:22,2
DA:23,1
DA:26,1
DA:27,1
DA:34,2
DA:35,1
DA:36,0
DA:44,2
DA:45,0
DA:52,2
DA:55,0
DA:59,2
DA:60,2
DA:61,0
DA:63,2
DA:64,2
DA:66,0
DA:67,0
DA:69,0
DA:70,0
DA:72,0
DA:73,0
DA:77,2
LF:28
LH:18
BRDA:35,0,0,0
BRDA:35,0,1,1
BRDA:60,1,0,0
BRDA:60,1,1,2
BRDA:63,2,0,2
BRDA:63,2,1,0
BRDA:63,3,0,2
BRDA:63,3,1,0
BRDA:66,4,0,0
BRDA:66,4,1,0
BRDA:66,5,0,0
BRDA:66,5,1,0
BRDA:69,6,0,0
BRDA:69,6,1,0
BRDA:69,7,0,0
BRDA:69,7,1,0
BRDA:72,8,0,0
BRDA:72,8,1,0
BRDA:72,9,0,0
BRDA:72,9,1,0
BRF:20
BRH:4
end_of_record
TN:
SF:src\Components\FidelizarCliente\SelectProfileScreen.tsx
FN:9,(anonymous_0)
FN:12,(anonymous_1)
FN:20,(anonymous_2)
FN:35,(anonymous_3)
FN:44,(anonymous_4)
FN:53,(anonymous_5)
FN:58,(anonymous_6)
FNF:7
FNH:0
FNDA:0,(anonymous_0)
FNDA:0,(anonymous_1)
FNDA:0,(anonymous_2)
FNDA:0,(anonymous_3)
FNDA:0,(anonymous_4)
FNDA:0,(anonymous_5)
FNDA:0,(anonymous_6)
DA:9,2
DA:11,0
DA:12,0
DA:13,0
DA:20,0
DA:22,0
DA:23,0
DA:24,0
DA:27,0
DA:35,0
DA:36,0
DA:37,0
DA:40,0
DA:44,0
DA:45,0
DA:54,0
DA:58,0
DA:70,0
DA:74,0
LF:19
LH:1
BRDA:22,0,0,0
BRDA:22,0,1,0
BRDA:22,1,0,0
BRDA:22,1,1,0
BRDA:36,2,0,0
BRDA:36,2,1,0
BRDA:45,3,0,0
BRDA:45,3,1,0
BRF:8
BRH:0
end_of_record
TN:
SF:src\Components\Loading\FullScreenLoading.tsx
FN:9,(anonymous_0)
FNF:1
FNH:1
FNDA:4,(anonymous_0)
DA:9,3
DA:11,4
LF:2
LH:2
BRDA:9,0,0,3
BRDA:11,1,0,3
BRDA:11,1,1,1
BRF:3
BRH:3
end_of_record
TN:
SF:src\store\store.ts
FNF:0
FNH:0
DA:4,1
LF:1
LH:1
BRF:0
BRH:0
end_of_record
TN:
SF:src\store\slices\fidelizarCliente\clientFidelizationSlice.ts
FN:40,(anonymous_0)
FN:43,(anonymous_1)
FN:47,(anonymous_2)
FN:50,(anonymous_3)
FN:53,(anonymous_4)
FN:58,(anonymous_5)
FN:64,(anonymous_6)
FN:68,(anonymous_7)
FN:83,(anonymous_8)
FN:89,(anonymous_9)
FN:92,(anonymous_10)
FN:97,(anonymous_11)
FN:103,(anonymous_12)
FN:106,(anonymous_13)
FN:114,(anonymous_14)
FN:125,(anonymous_15)
FN:134,(anonymous_16)
FN:137,(anonymous_17)
FNF:18
FNH:11
FNDA:1,(anonymous_0)
FNDA:1,(anonymous_1)
FNDA:2,(anonymous_2)
FNDA:2,(anonymous_3)
FNDA:1,(anonymous_4)
FNDA:1,(anonymous_5)
FNDA:1,(anonymous_6)
FNDA:1,(anonymous_7)
FNDA:0,(anonymous_8)
FNDA:0,(anonymous_9)
FNDA:0,(anonymous_10)
FNDA:0,(anonymous_11)
FNDA:0,(anonymous_12)
FNDA:0,(anonymous_13)
FNDA:0,(anonymous_14)
FNDA:2,(anonymous_15)
FNDA:2,(anonymous_16)
FNDA:1,(anonymous_17)
DA:25,2
DA:36,2
DA:41,1
DA:44,1
DA:48,2
DA:51,2
DA:54,1
DA:55,1
DA:56,1
DA:59,1
DA:60,1
DA:65,1
DA:66,1
DA:69,1
DA:72,1
DA:73,1
DA:77,1
DA:78,1
DA:79,1
DA:81,1
DA:84,0
DA:85,0
DA:90,0
DA:93,0
DA:94,0
DA:95,0
DA:98,0
DA:99,0
DA:104,0
DA:107,0
DA:108,0
DA:109,0
DA:115,0
DA:116,0
DA:125,2
DA:131,2
DA:134,2
DA:137,1
DA:140,2
LF:39
LH:25
BRDA:60,0,0,1
BRDA:60,0,1,0
BRDA:72,1,0,1
BRDA:72,1,1,0
BRDA:85,2,0,0
BRDA:85,2,1,0
BRDA:99,3,0,0
BRDA:99,3,1,0
BRDA:116,4,0,0
BRDA:116,4,1,0
BRDA:137,5,0,0
BRDA:137,5,1,1
BRDA:137,6,0,1
BRDA:137,6,1,0
BRF:14
BRH:4
end_of_record
TN:
SF:src\store\slices\fidelizarCliente\thunks.ts
FN:10,(anonymous_0)
FN:32,(anonymous_1)
FN:49,(anonymous_2)
FN:65,(anonymous_3)
FN:91,wait
FN:92,(anonymous_5)
FNF:6
FNH:2
FNDA:2,(anonymous_0)
FNDA:1,(anonymous_1)
FNDA:0,(anonymous_2)
FNDA:0,(anonymous_3)
FNDA:0,wait
FNDA:0,(anonymous_5)
DA:10,2
DA:25,2
DA:26,1
DA:32,2
DA:42,1
DA:43,1
DA:49,2
DA:58,0
DA:59,0
DA:65,2
DA:66,0
DA:80,0
DA:83,0
DA:86,0
DA:92,0
DA:93,0
LF:16
LH:8
BRF:0
BRH:0
end_of_record
TN:
SF:test\fixtures\fidelizationFixtures.ts
FN:77,(anonymous_0)
FN:84,createTestStore
FNF:2
FNH:2
FNDA:2,(anonymous_0)
FNDA:1,createTestStore
DA:10,2
DA:21,2
DA:23,2
DA:43,2
DA:77,2
DA:78,2
DA:79,2
DA:80,2
DA:86,1
DA:92,1
LF:10
LH:10
BRF:0
BRH:0
end_of_record
